SEED: 0
DATA:
  BATCH_SIZE: 16
  NUM_WORKERS: 4
  SIZE: 224
  NORMALIZATION: imagenet
  ATTENTION_DIR: clip_vit_attention
  SEPARATE_CLASSES: false
  REMOVE_BACKGROUND: false
  ROOT: /home/ryreu/guided_cnn/Food101/data
  USE_CLASS_WEIGHTS: false
  USE_GROUP_WEIGHTS: false
  DATASET: food_subset
  NUM_CLASSES: 5
  CLASSES:
  - prime_rib
  - pork_chop
  - steak
  - baby_back_ribs
  - filet_mignon
  SPLIT: split
  FOOD_SUBSET_DIR: food-101-redmeat
  SUBDIR: food-101-redmeat
EXP:
  NUM_TRIALS: 1
  LOSSES:
    CLASSIFICATION:
      WEIGHT: 1
    GRADIENT_OUTSIDE:
      COMPUTE: true
      LOG: false
      WEIGHT: 10
      CRITERION: L1
      GT: clip_vit
      COMBINE_ATT_MODE: average_nonzero
    GRADIENT_INSIDE:
      COMPUTE: false
      LOG: false
      WEIGHT: 1
      CRITERION: L1
      GT: segmentation
      COMBINE_ATT_MODE: average_nonzero
    GRADCAM:
      COMPUTE: false
      LOG: false
      WEIGHT: 1
      CRITERION: L1
      GT: segmentation
      MODE: match
      COMBINE_ATT_MODE: average_nonzero
  APPROACH: generic
  MODEL: resnet50
  PRETRAINED: true
  NUM_EPOCHS: 1
  OPTIMIZER: SGD
  WEIGHT_DECAY: 1.0e-05
  MOMENTUM: 0.9
  SCHEDULER: NONE
  BASE:
    LR: 0.0001
  CLASSIFIER:
    LR: 0.001
  AUX_LOSSES_ON_VAL: false
LOGGING:
  SAVE_EVERY: 0
  SAVE_BEST: false
  SAVE_LAST: false
  LOG_ATTENTION: false
  LOG_ATTENTION_STEP: 10
  SAVE_STATS_PATH: null
yaml: RedMeat_Runs/configs/redmeat_rrr_vit.yaml
name: smoke_rrr_vit
test_checkpoint: null

NUM TRAIN: 2500

NUM VAL:   1250

Number classifier outputs: 5
Using pretrained model: True
USING SGD OPTIMIZER
class weights: None
group weights: None
WANDB DISABLED: skipping wandb.init()
EPOCH: 0

>>> TRAINING 

  0%|          | 0/157 [00:00<?, ?it/s]  1%|          | 1/157 [00:03<08:25,  3.24s/it]  1%|▏         | 2/157 [00:03<03:59,  1.55s/it]  2%|▏         | 3/157 [00:03<02:34,  1.00s/it]  3%|▎         | 4/157 [00:04<01:54,  1.33it/s]  3%|▎         | 5/157 [00:04<01:32,  1.64it/s]  4%|▍         | 6/157 [00:05<01:19,  1.91it/s]  4%|▍         | 7/157 [00:05<01:10,  2.12it/s]  5%|▌         | 8/157 [00:05<01:04,  2.29it/s]  6%|▌         | 9/157 [00:06<01:01,  2.42it/s]  6%|▋         | 10/157 [00:06<00:58,  2.52it/s]  7%|▋         | 11/157 [00:06<00:56,  2.59it/s]  8%|▊         | 12/157 [00:07<00:54,  2.64it/s]  8%|▊         | 13/157 [00:07<00:53,  2.68it/s]  9%|▉         | 14/157 [00:07<00:52,  2.71it/s] 10%|▉         | 15/157 [00:08<00:52,  2.72it/s] 10%|█         | 16/157 [00:08<00:51,  2.74it/s] 11%|█         | 17/157 [00:09<00:50,  2.75it/s] 11%|█▏        | 18/157 [00:09<00:50,  2.76it/s] 12%|█▏        | 19/157 [00:09<00:49,  2.76it/s] 13%|█▎        | 20/157 [00:10<00:49,  2.76it/s] 13%|█▎        | 21/157 [00:10<00:49,  2.77it/s] 14%|█▍        | 22/157 [00:10<00:48,  2.76it/s] 15%|█▍        | 23/157 [00:11<00:48,  2.77it/s] 15%|█▌        | 24/157 [00:11<00:48,  2.77it/s] 16%|█▌        | 25/157 [00:11<00:47,  2.77it/s] 17%|█▋        | 26/157 [00:12<00:47,  2.77it/s] 17%|█▋        | 27/157 [00:12<00:46,  2.77it/s] 18%|█▊        | 28/157 [00:12<00:46,  2.77it/s] 18%|█▊        | 29/157 [00:13<00:46,  2.77it/s] 19%|█▉        | 30/157 [00:13<00:45,  2.77it/s] 20%|█▉        | 31/157 [00:14<00:45,  2.77it/s] 20%|██        | 32/157 [00:14<00:45,  2.77it/s] 21%|██        | 33/157 [00:14<00:44,  2.77it/s] 22%|██▏       | 34/157 [00:15<00:44,  2.77it/s] 22%|██▏       | 35/157 [00:15<00:44,  2.77it/s] 23%|██▎       | 36/157 [00:15<00:43,  2.76it/s] 24%|██▎       | 37/157 [00:16<00:43,  2.77it/s] 24%|██▍       | 38/157 [00:16<00:42,  2.77it/s] 25%|██▍       | 39/157 [00:16<00:42,  2.77it/s] 25%|██▌       | 40/157 [00:17<00:42,  2.77it/s] 26%|██▌       | 41/157 [00:17<00:41,  2.77it/s] 27%|██▋       | 42/157 [00:18<00:41,  2.77it/s] 27%|██▋       | 43/157 [00:18<00:41,  2.77it/s] 28%|██▊       | 44/157 [00:27<05:28,  2.91s/it] 29%|██▊       | 45/157 [00:27<04:00,  2.14s/it] 29%|██▉       | 46/157 [00:27<02:58,  1.61s/it] 30%|██▉       | 47/157 [00:28<02:15,  1.23s/it] 31%|███       | 48/157 [00:28<01:45,  1.03it/s] 31%|███       | 49/157 [00:29<01:25,  1.27it/s] 32%|███▏      | 50/157 [00:29<01:10,  1.51it/s] 32%|███▏      | 51/157 [00:29<01:00,  1.75it/s] 33%|███▎      | 52/157 [00:30<00:53,  1.97it/s] 34%|███▍      | 53/157 [00:30<00:48,  2.16it/s] 34%|███▍      | 54/157 [00:30<00:44,  2.31it/s] 35%|███▌      | 55/157 [00:31<00:41,  2.43it/s] 36%|███▌      | 56/157 [00:31<00:40,  2.52it/s] 36%|███▋      | 57/157 [00:31<00:38,  2.59it/s] 37%|███▋      | 58/157 [00:32<00:37,  2.64it/s] 38%|███▊      | 59/157 [00:32<00:36,  2.68it/s] 38%|███▊      | 60/157 [00:33<00:35,  2.71it/s] 39%|███▉      | 61/157 [00:33<00:35,  2.73it/s] 39%|███▉      | 62/157 [00:33<00:34,  2.74it/s] 40%|████      | 63/157 [00:34<00:34,  2.75it/s] 41%|████      | 64/157 [00:34<00:33,  2.76it/s] 41%|████▏     | 65/157 [00:34<00:33,  2.76it/s] 42%|████▏     | 66/157 [00:35<00:32,  2.76it/s] 43%|████▎     | 67/157 [00:35<00:32,  2.76it/s] 43%|████▎     | 68/157 [00:35<00:32,  2.76it/s] 44%|████▍     | 69/157 [00:36<00:31,  2.76it/s] 45%|████▍     | 70/157 [00:36<00:31,  2.77it/s] 45%|████▌     | 71/157 [00:36<00:31,  2.77it/s] 46%|████▌     | 72/157 [00:37<00:30,  2.76it/s] 46%|████▋     | 73/157 [00:37<00:30,  2.76it/s] 47%|████▋     | 74/157 [00:38<00:30,  2.76it/s] 48%|████▊     | 75/157 [00:38<00:29,  2.77it/s] 48%|████▊     | 76/157 [00:38<00:29,  2.77it/s] 49%|████▉     | 77/157 [00:39<00:28,  2.77it/s] 50%|████▉     | 78/157 [00:39<00:28,  2.77it/s] 50%|█████     | 79/157 [00:39<00:28,  2.77it/s] 51%|█████     | 80/157 [00:40<00:27,  2.77it/s] 52%|█████▏    | 81/157 [00:40<00:27,  2.77it/s] 52%|█████▏    | 82/157 [00:40<00:27,  2.77it/s] 53%|█████▎    | 83/157 [00:41<00:26,  2.76it/s] 54%|█████▎    | 84/157 [00:41<00:26,  2.77it/s] 54%|█████▍    | 85/157 [00:42<00:26,  2.77it/s] 55%|█████▍    | 86/157 [00:42<00:25,  2.77it/s] 55%|█████▌    | 87/157 [00:42<00:25,  2.77it/s] 56%|█████▌    | 88/157 [00:43<00:24,  2.77it/s] 57%|█████▋    | 89/157 [00:43<00:24,  2.77it/s] 57%|█████▋    | 90/157 [00:43<00:24,  2.77it/s] 58%|█████▊    | 91/157 [00:44<00:23,  2.77it/s] 59%|█████▊    | 92/157 [00:44<00:23,  2.76it/s] 59%|█████▉    | 93/157 [00:44<00:23,  2.76it/s] 60%|█████▉    | 94/157 [00:45<00:22,  2.76it/s] 61%|██████    | 95/157 [00:45<00:22,  2.77it/s] 61%|██████    | 96/157 [00:46<00:22,  2.77it/s] 62%|██████▏   | 97/157 [00:46<00:21,  2.77it/s] 62%|██████▏   | 98/157 [00:46<00:21,  2.77it/s] 63%|██████▎   | 99/157 [00:47<00:20,  2.77it/s] 64%|██████▎   | 100/157 [00:47<00:20,  2.77it/s] 64%|██████▍   | 101/157 [00:47<00:20,  2.77it/s] 65%|██████▍   | 102/157 [00:48<00:19,  2.77it/s] 66%|██████▌   | 103/157 [00:48<00:19,  2.77it/s] 66%|██████▌   | 104/157 [00:48<00:19,  2.77it/s] 67%|██████▋   | 105/157 [00:49<00:18,  2.77it/s] 68%|██████▊   | 106/157 [00:49<00:18,  2.77it/s] 68%|██████▊   | 107/157 [00:50<00:18,  2.77it/s] 69%|██████▉   | 108/157 [00:50<00:17,  2.77it/s] 69%|██████▉   | 109/157 [00:50<00:17,  2.77it/s] 70%|███████   | 110/157 [00:51<00:16,  2.77it/s] 71%|███████   | 111/157 [00:51<00:16,  2.77it/s] 71%|███████▏  | 112/157 [00:51<00:16,  2.77it/s] 72%|███████▏  | 113/157 [00:52<00:15,  2.77it/s] 73%|███████▎  | 114/157 [00:52<00:15,  2.77it/s] 73%|███████▎  | 115/157 [00:52<00:15,  2.77it/s] 74%|███████▍  | 116/157 [00:53<00:14,  2.77it/s] 75%|███████▍  | 117/157 [00:53<00:14,  2.77it/s] 75%|███████▌  | 118/157 [00:53<00:14,  2.77it/s] 76%|███████▌  | 119/157 [00:54<00:13,  2.77it/s] 76%|███████▋  | 120/157 [00:54<00:13,  2.77it/s] 77%|███████▋  | 121/157 [00:55<00:12,  2.77it/s] 78%|███████▊  | 122/157 [00:55<00:12,  2.77it/s] 78%|███████▊  | 123/157 [00:55<00:12,  2.77it/s] 79%|███████▉  | 124/157 [01:00<00:54,  1.64s/it] 80%|███████▉  | 125/157 [01:04<01:19,  2.47s/it] 80%|████████  | 126/157 [01:05<00:56,  1.84s/it] 81%|████████  | 127/157 [01:05<00:41,  1.40s/it] 82%|████████▏ | 128/157 [01:05<00:31,  1.08s/it] 82%|████████▏ | 129/157 [01:06<00:24,  1.15it/s] 83%|████████▎ | 130/157 [01:06<00:19,  1.40it/s] 83%|████████▎ | 131/157 [01:06<00:15,  1.64it/s] 84%|████████▍ | 132/157 [01:07<00:13,  1.87it/s] 85%|████████▍ | 133/157 [01:07<00:11,  2.07it/s] 85%|████████▌ | 134/157 [01:08<00:10,  2.24it/s] 86%|████████▌ | 135/157 [01:08<00:09,  2.38it/s] 87%|████████▋ | 136/157 [01:08<00:08,  2.48it/s] 87%|████████▋ | 137/157 [01:09<00:07,  2.56it/s] 88%|████████▊ | 138/157 [01:09<00:07,  2.62it/s] 89%|████████▊ | 139/157 [01:09<00:06,  2.66it/s] 89%|████████▉ | 140/157 [01:10<00:06,  2.69it/s] 90%|████████▉ | 141/157 [01:10<00:05,  2.71it/s] 90%|█████████ | 142/157 [01:10<00:05,  2.71it/s] 91%|█████████ | 143/157 [01:11<00:05,  2.73it/s] 92%|█████████▏| 144/157 [01:11<00:04,  2.74it/s] 92%|█████████▏| 145/157 [01:12<00:04,  2.75it/s] 93%|█████████▎| 146/157 [01:12<00:04,  2.74it/s] 94%|█████████▎| 147/157 [01:12<00:03,  2.75it/s] 94%|█████████▍| 148/157 [01:13<00:03,  2.76it/s] 95%|█████████▍| 149/157 [01:13<00:02,  2.76it/s] 96%|█████████▌| 150/157 [01:13<00:02,  2.76it/s] 96%|█████████▌| 151/157 [01:14<00:02,  2.77it/s] 97%|█████████▋| 152/157 [01:14<00:01,  2.76it/s] 97%|█████████▋| 153/157 [01:14<00:01,  2.77it/s] 98%|█████████▊| 154/157 [01:15<00:01,  2.77it/s] 99%|█████████▊| 155/157 [01:15<00:00,  2.77it/s] 99%|█████████▉| 156/157 [01:16<00:00,  2.77it/s]100%|██████████| 157/157 [01:16<00:00,  3.15it/s]100%|██████████| 157/157 [01:16<00:00,  2.06it/s]
>>> VALIDATING 

  0%|          | 0/79 [00:00<?, ?it/s]  1%|▏         | 1/79 [00:00<00:27,  2.80it/s]  6%|▋         | 5/79 [00:00<00:06, 12.27it/s] 11%|█▏        | 9/79 [00:00<00:03, 17.83it/s] 16%|█▋        | 13/79 [00:00<00:03, 21.34it/s] 22%|██▏       | 17/79 [00:00<00:02, 23.94it/s] 27%|██▋       | 21/79 [00:01<00:02, 25.43it/s] 32%|███▏      | 25/79 [00:01<00:02, 26.58it/s] 37%|███▋      | 29/79 [00:01<00:01, 27.32it/s] 42%|████▏     | 33/79 [00:01<00:01, 27.92it/s] 47%|████▋     | 37/79 [00:01<00:01, 28.91it/s] 52%|█████▏    | 41/79 [00:01<00:01, 29.36it/s] 57%|█████▋    | 45/79 [00:01<00:01, 30.11it/s] 62%|██████▏   | 49/79 [00:01<00:00, 30.14it/s] 67%|██████▋   | 53/79 [00:02<00:00, 30.15it/s] 72%|███████▏  | 57/79 [00:02<00:00, 30.09it/s] 77%|███████▋  | 61/79 [00:02<00:00, 29.79it/s] 82%|████████▏ | 65/79 [00:02<00:00, 30.60it/s] 87%|████████▋ | 69/79 [00:02<00:00, 30.62it/s] 92%|█████████▏| 73/79 [00:02<00:00, 30.27it/s] 97%|█████████▋| 77/79 [00:02<00:00, 30.07it/s]100%|██████████| 79/79 [00:03<00:00, 26.25it/s]
>>> LOGGING 

BALANCED ACCS CHECKED FOR TRAIN
BALANCED ACCS CHECKED FOR VAL
train_acc: 0.3936
val_acc: 0.5
train_cls_loss: 1.402243894958496
val_cls_loss: 1.2028348598480225
train_total_loss: 1.4030865573883056
val_total_loss: 1.2028348598480225
balanced_train_acc: 0.39360000000000006
balanced_val_acc: 0.5
train_dydx_outside_clip_vit_loss: 0.0008426611315459013
train_acc_baby_back_ribs: 0.554
train_acc_filet_mignon: 0.328
train_acc_pork_chop: 0.34
train_acc_prime_rib: 0.538
train_acc_steak: 0.208
val_acc_baby_back_ribs: 0.476
val_acc_filet_mignon: 0.3
val_acc_pork_chop: 0.356
val_acc_prime_rib: 0.704
val_acc_steak: 0.664
TRAIN ACC:        0.3936
VAL ACC:          0.5
BALANCED VAL ACC: 0.5
>>> EVALUATING ON TEST SET
NUM TEST:   1250

Traceback (most recent call last):
  File "/home/ryreu/miniconda3/envs/gals_a100/lib/python3.8/site-packages/torch/serialization.py", line 308, in _check_seekable
    f.seek(f.tell())
AttributeError: 'NoneType' object has no attribute 'seek'

During handling of the above exception, another exception occurred:

Traceback (most recent call last):
  File "main.py", line 205, in <module>
    main(args)
  File "main.py", line 150, in main
    test_metrics = test(args, transform, approach, mean, std)
  File "main.py", line 200, in test
    metrics = approach.test(test_dataloader, args.test_checkpoint)
  File "/home/ryreu/guided_cnn/waterbirds/Waterbird_Runs/GALS/approaches/base.py", line 442, in test
    self.load_checkpoint(checkpoint_file)
  File "/home/ryreu/guided_cnn/waterbirds/Waterbird_Runs/GALS/approaches/base.py", line 196, in load_checkpoint
    checkpoint = torch.load(checkpoint_file)
  File "/home/ryreu/miniconda3/envs/gals_a100/lib/python3.8/site-packages/torch/serialization.py", line 699, in load
    with _open_file_like(f, 'rb') as opened_file:
  File "/home/ryreu/miniconda3/envs/gals_a100/lib/python3.8/site-packages/torch/serialization.py", line 235, in _open_file_like
    return _open_buffer_reader(name_or_buffer)
  File "/home/ryreu/miniconda3/envs/gals_a100/lib/python3.8/site-packages/torch/serialization.py", line 220, in __init__
    _check_seekable(buffer)
  File "/home/ryreu/miniconda3/envs/gals_a100/lib/python3.8/site-packages/torch/serialization.py", line 311, in _check_seekable
    raise_err_msg(["seek", "tell"], e)
  File "/home/ryreu/miniconda3/envs/gals_a100/lib/python3.8/site-packages/torch/serialization.py", line 304, in raise_err_msg
    raise type(e)(msg)
AttributeError: 'NoneType' object has no attribute 'seek'. You can only torch.load from a file that is seekable. Please pre-load the data into a buffer like io.BytesIO and try to load from it instead.
